<?xml version="1.0" encoding="UTF-8"?>
<!-- Generated by org.testng.reporters.JUnitReportReporter -->
<testsuite hostname="360LP030-PC" name="com.hellofresh.test.RequestsForCountries" tests="1" failures="0" timestamp="10 Jun 2018 13:02:43 GMT" time="7.074" errors="0">
  <testcase name="retrieveInExistentCountry" time="7.074" classname="com.hellofresh.test.RequestsForCountries"/>
</testsuite> <!-- com.hellofresh.test.RequestsForCountries -->
